Determining if the pthread_create exist failed with the following output:
Change Dir: /home/orgburo/Dev_envo_workspace/gitrepoz/razerz/source/text_render/build/CMakeFiles/CMakeTmp

Run Build Command:"/usr/bin/make" "cmTC_349f7/fast"
/usr/bin/make -f CMakeFiles/cmTC_349f7.dir/build.make CMakeFiles/cmTC_349f7.dir/build
make[1]: Entering directory '/home/orgburo/Dev_envo_workspace/gitrepoz/razerz/source/text_render/build/CMakeFiles/CMakeTmp'
Building CXX object CMakeFiles/cmTC_349f7.dir/CheckSymbolExists.cxx.o
/usr/bin/c++     -o CMakeFiles/cmTC_349f7.dir/CheckSymbolExists.cxx.o -c /home/orgburo/Dev_envo_workspace/gitrepoz/razerz/source/text_render/build/CMakeFiles/CMakeTmp/CheckSymbolExists.cxx
Linking CXX executable cmTC_349f7
/usr/bin/cmake -E cmake_link_script CMakeFiles/cmTC_349f7.dir/link.txt --verbose=1
/usr/bin/c++       CMakeFiles/cmTC_349f7.dir/CheckSymbolExists.cxx.o  -o cmTC_349f7 
/usr/bin/ld: CMakeFiles/cmTC_349f7.dir/CheckSymbolExists.cxx.o: in function `main':
CheckSymbolExists.cxx:(.text+0x1f): undefined reference to `pthread_create'
collect2: error: ld returned 1 exit status
make[1]: *** [CMakeFiles/cmTC_349f7.dir/build.make:87: cmTC_349f7] Error 1
make[1]: Leaving directory '/home/orgburo/Dev_envo_workspace/gitrepoz/razerz/source/text_render/build/CMakeFiles/CMakeTmp'
make: *** [Makefile:121: cmTC_349f7/fast] Error 2

File /home/orgburo/Dev_envo_workspace/gitrepoz/razerz/source/text_render/build/CMakeFiles/CMakeTmp/CheckSymbolExists.cxx:
/* */
#include <pthread.h>

int main(int argc, char** argv)
{
  (void)argv;
#ifndef pthread_create
  return ((int*)(&pthread_create))[argc];
#else
  (void)argc;
  return 0;
#endif
}

